<?xml version="1.0" encoding="UTF-8"?>
<testsuite xmlns:xsi="http://www.w3.org/2001/XMLSchema-instance" xsi:noNamespaceSchemaLocation="https://maven.apache.org/surefire/maven-surefire-plugin/xsd/surefire-test-report.xsd" version="3.0.2" name="com.example.pi.repository.BankAccountRepositoryTest" time="1.945" tests="7" errors="0" skipped="0" failures="0">
  <properties>
[...]
</properties>
  <testcase name="findByAccountNumberAndCustomerId_returnsCorrectAccount" classname="com.example.pi.repository.BankAccountRepositoryTest" time="0.339">
    <system-out><![CDATA[18:47:33.369 [main] INFO org.springframework.test.context.support.AnnotationConfigContextLoaderUtils -- Could not detect default configuration classes for test class [com.example.pi.repository.BankAccountRepositoryTest]: BankAccountRepositoryTest does not declare any static, non-private, non-final, nested classes annotated with @Configuration.
18:47:33.424 [main] INFO org.springframework.boot.test.context.SpringBootTestContextBootstrapper -- Found @SpringBootConfiguration com.example.pi.PiApplication for test class com.example.pi.repository.BankAccountRepositoryTest
18:47:33.457 [main] INFO org.springframework.boot.devtools.restart.RestartApplicationListener -- Restart disabled due to context in which it is running
18:47:33,323 |-INFO in ch.qos.logback.classic.LoggerContext[default] - This is logback-classic version 1.5.18
18:47:33,324 |-INFO in ch.qos.logback.classic.util.ContextInitializer@7fab4be7 - Here is a list of configurators discovered as a service, by rank: 
18:47:33,324 |-INFO in ch.qos.logback.classic.util.ContextInitializer@7fab4be7 -   org.springframework.boot.logging.logback.RootLogLevelConfigurator
18:47:33,324 |-INFO in ch.qos.logback.classic.util.ContextInitializer@7fab4be7 - They will be invoked in order until ExecutionStatus.DO_NOT_INVOKE_NEXT_IF_ANY is returned.
18:47:33,324 |-INFO in ch.qos.logback.classic.util.ContextInitializer@7fab4be7 - Constructed configurator of type class org.springframework.boot.logging.logback.RootLogLevelConfigurator
18:47:33,329 |-INFO in ch.qos.logback.classic.util.ContextInitializer@7fab4be7 - org.springframework.boot.logging.logback.RootLogLevelConfigurator.configure() call lasted 0 milliseconds. ExecutionStatus=INVOKE_NEXT_IF_ANY
18:47:33,329 |-INFO in ch.qos.logback.classic.util.ContextInitializer@7fab4be7 - Trying to configure with ch.qos.logback.classic.joran.SerializedModelConfigurator
18:47:33,329 |-INFO in ch.qos.logback.classic.util.ContextInitializer@7fab4be7 - Constructed configurator of type class ch.qos.logback.classic.joran.SerializedModelConfigurator
18:47:33,330 |-INFO in ch.qos.logback.classic.LoggerContext[default] - Could NOT find resource [logback-test.scmo]
18:47:33,330 |-INFO in ch.qos.logback.classic.LoggerContext[default] - Could NOT find resource [logback.scmo]
18:47:33,330 |-INFO in ch.qos.logback.classic.util.ContextInitializer@7fab4be7 - ch.qos.logback.classic.joran.SerializedModelConfigurator.configure() call lasted 1 milliseconds. ExecutionStatus=INVOKE_NEXT_IF_ANY
18:47:33,330 |-INFO in ch.qos.logback.classic.util.ContextInitializer@7fab4be7 - Trying to configure with ch.qos.logback.classic.util.DefaultJoranConfigurator
18:47:33,330 |-INFO in ch.qos.logback.classic.util.ContextInitializer@7fab4be7 - Constructed configurator of type class ch.qos.logback.classic.util.DefaultJoranConfigurator
18:47:33,330 |-INFO in ch.qos.logback.classic.LoggerContext[default] - Could NOT find resource [logback-test.xml]
18:47:33,330 |-INFO in ch.qos.logback.classic.LoggerContext[default] - Could NOT find resource [logback.xml]
18:47:33,330 |-INFO in ch.qos.logback.classic.util.ContextInitializer@7fab4be7 - ch.qos.logback.classic.util.DefaultJoranConfigurator.configure() call lasted 0 milliseconds. ExecutionStatus=INVOKE_NEXT_IF_ANY
18:47:33,330 |-INFO in ch.qos.logback.classic.util.ContextInitializer@7fab4be7 - Trying to configure with ch.qos.logback.classic.BasicConfigurator
18:47:33,330 |-INFO in ch.qos.logback.classic.util.ContextInitializer@7fab4be7 - Constructed configurator of type class ch.qos.logback.classic.BasicConfigurator
18:47:33,330 |-INFO in ch.qos.logback.classic.BasicConfigurator@a64e035 - Setting up default configuration.
18:47:33,336 |-INFO in ch.qos.logback.core.ConsoleAppender[console] - BEWARE: Writing to the console can be very slow. Avoid logging to the 
18:47:33,336 |-INFO in ch.qos.logback.core.ConsoleAppender[console] - console in production environments, especially in high volume systems.
18:47:33,336 |-INFO in ch.qos.logback.core.ConsoleAppender[console] - See also https://logback.qos.ch/codes.html#slowConsole
18:47:33,336 |-INFO in ch.qos.logback.classic.util.ContextInitializer@7fab4be7 - ch.qos.logback.classic.BasicConfigurator.configure() call lasted 6 milliseconds. ExecutionStatus=NEUTRAL
18:47:33,590 |-INFO in ch.qos.logback.core.joran.util.ConfigurationWatchListUtil@4d74c3ba - Adding [jar:file:/Users/surajchakraborty/.m2/repository/org/springframework/boot/spring-boot/3.4.4/spring-boot-3.4.4.jar!/org/springframework/boot/logging/logback/defaults.xml] to configuration watch list.
18:47:33,590 |-INFO in ConfigurationWatchList(mainURL=file:/Users/surajchakraborty/git/DigitalBanking-release-java/target/classes/logback-spring.xml, fileWatchList={/Users/surajchakraborty/git/DigitalBanking-release-java/target/classes/logback-spring.xml}, urlWatchList=[}) - Cannot watch [jar:file:/Users/surajchakraborty/.m2/repository/org/springframework/boot/spring-boot/3.4.4/spring-boot-3.4.4.jar!/org/springframework/boot/logging/logback/defaults.xml] as its protocol is not one of file, http or https.
18:47:33,593 |-INFO in ch.qos.logback.core.model.processor.ConversionRuleModelHandler - registering conversion word applicationName with class [org.springframework.boot.logging.logback.ApplicationNameConverter]
18:47:33,593 |-INFO in ch.qos.logback.core.model.processor.ConversionRuleModelHandler - registering conversion word clr with class [org.springframework.boot.logging.logback.ColorConverter]
18:47:33,593 |-INFO in ch.qos.logback.core.model.processor.ConversionRuleModelHandler - registering conversion word correlationId with class [org.springframework.boot.logging.logback.CorrelationIdConverter]
18:47:33,593 |-INFO in ch.qos.logback.core.model.processor.ConversionRuleModelHandler - registering conversion word esb with class [org.springframework.boot.logging.logback.EnclosedInSquareBracketsConverter]
18:47:33,593 |-INFO in ch.qos.logback.core.model.processor.ConversionRuleModelHandler - registering conversion word wex with class [org.springframework.boot.logging.logback.WhitespaceThrowableProxyConverter]
18:47:33,593 |-INFO in ch.qos.logback.core.model.processor.ConversionRuleModelHandler - registering conversion word wEx with class [org.springframework.boot.logging.logback.ExtendedWhitespaceThrowableProxyConverter]
18:47:33,593 |-INFO in ch.qos.logback.core.model.processor.ModelInterpretationContext@49dbaaf3 - value "%d{yyyy-MM-dd HH:mm:ss.SSS} [%thread] [%X{correlationId}] %-5level %logger{36} - %msg%n" substituted for "${CONSOLE_LOG_PATTERN:-%clr(%d{${LOG_DATEFORMAT_PATTERN:-yyyy-MM-dd'T'HH:mm:ss.SSSXXX}}){faint} %clr(${LOG_LEVEL_PATTERN:-%5p}){} %clr(${PID:-}){magenta} %clr(--- %esb(){APPLICATION_NAME}%esb{APPLICATION_GROUP}[%15.15t] ${LOG_CORRELATION_PATTERN:-}){faint}%clr(%-40.40logger{39}){cyan} %clr(:){faint} %m%n${LOG_EXCEPTION_CONVERSION_WORD:-%wEx}}"
18:47:33,593 |-INFO in ch.qos.logback.core.model.processor.ModelInterpretationContext@49dbaaf3 - value "UTF-8" substituted for "${CONSOLE_LOG_CHARSET:-${file.encoding:-UTF-8}}"
18:47:33,593 |-INFO in ch.qos.logback.core.model.processor.ModelInterpretationContext@49dbaaf3 - value "TRACE" substituted for "${CONSOLE_LOG_THRESHOLD:-TRACE}"
18:47:33,593 |-INFO in ch.qos.logback.core.model.processor.ModelInterpretationContext@49dbaaf3 - value "" substituted for "${CONSOLE_LOG_STRUCTURED_FORMAT:-}"
18:47:33,593 |-INFO in ch.qos.logback.core.model.processor.ModelInterpretationContext@49dbaaf3 - value "%d{yyyy-MM-dd HH:mm:ss.SSS} [%thread] [%X{correlationId}] %-5level %logger{36} - %msg%n" substituted for "${FILE_LOG_PATTERN:-%d{${LOG_DATEFORMAT_PATTERN:-yyyy-MM-dd'T'HH:mm:ss.SSSXXX}} ${LOG_LEVEL_PATTERN:-%5p} ${PID:-} --- %esb(){APPLICATION_NAME}%esb{APPLICATION_GROUP}[%t] ${LOG_CORRELATION_PATTERN:-}%-40.40logger{39} : %m%n${LOG_EXCEPTION_CONVERSION_WORD:-%wEx}}"
18:47:33,593 |-INFO in ch.qos.logback.core.model.processor.ModelInterpretationContext@49dbaaf3 - value "UTF-8" substituted for "${FILE_LOG_CHARSET:-${file.encoding:-UTF-8}}"
18:47:33,593 |-INFO in ch.qos.logback.core.model.processor.ModelInterpretationContext@49dbaaf3 - value "TRACE" substituted for "${FILE_LOG_THRESHOLD:-TRACE}"
18:47:33,593 |-INFO in ch.qos.logback.core.model.processor.ModelInterpretationContext@49dbaaf3 - value "" substituted for "${FILE_LOG_STRUCTURED_FORMAT:-}"
18:47:33,595 |-INFO in ch.qos.logback.classic.model.processor.LoggerModelHandler - Setting level of logger [org.apache.catalina.startup.DigesterFactory] to ERROR
18:47:33,595 |-INFO in ch.qos.logback.classic.jul.LevelChangePropagator@22d9c961 - Propagating ERROR level on Logger[org.apache.catalina.startup.DigesterFactory] onto the JUL framework
18:47:33,595 |-INFO in ch.qos.logback.classic.model.processor.LoggerModelHandler - Setting level of logger [org.apache.catalina.util.LifecycleBase] to ERROR
18:47:33,595 |-INFO in ch.qos.logback.classic.jul.LevelChangePropagator@22d9c961 - Propagating ERROR level on Logger[org.apache.catalina.util.LifecycleBase] onto the JUL framework
18:47:33,595 |-INFO in ch.qos.logback.classic.model.processor.LoggerModelHandler - Setting level of logger [org.apache.coyote.http11.Http11NioProtocol] to WARN
18:47:33,595 |-INFO in ch.qos.logback.classic.jul.LevelChangePropagator@22d9c961 - Propagating WARN level on Logger[org.apache.coyote.http11.Http11NioProtocol] onto the JUL framework
18:47:33,595 |-INFO in ch.qos.logback.classic.model.processor.LoggerModelHandler - Setting level of logger [org.apache.sshd.common.util.SecurityUtils] to WARN
18:47:33,595 |-INFO in ch.qos.logback.classic.jul.LevelChangePropagator@22d9c961 - Propagating WARN level on Logger[org.apache.sshd.common.util.SecurityUtils] onto the JUL framework
18:47:33,595 |-INFO in ch.qos.logback.classic.model.processor.LoggerModelHandler - Setting level of logger [org.apache.tomcat.util.net.NioSelectorPool] to WARN
18:47:33,595 |-INFO in ch.qos.logback.classic.jul.LevelChangePropagator@22d9c961 - Propagating WARN level on Logger[org.apache.tomcat.util.net.NioSelectorPool] onto the JUL framework
18:47:33,595 |-INFO in ch.qos.logback.classic.model.processor.LoggerModelHandler - Setting level of logger [org.eclipse.jetty.util.component.AbstractLifeCycle] to ERROR
18:47:33,595 |-INFO in ch.qos.logback.classic.jul.LevelChangePropagator@22d9c961 - Propagating ERROR level on Logger[org.eclipse.jetty.util.component.AbstractLifeCycle] onto the JUL framework
18:47:33,595 |-INFO in ch.qos.logback.classic.model.processor.LoggerModelHandler - Setting level of logger [org.hibernate.validator.internal.util.Version] to WARN
18:47:33,595 |-INFO in ch.qos.logback.classic.jul.LevelChangePropagator@22d9c961 - Propagating WARN level on Logger[org.hibernate.validator.internal.util.Version] onto the JUL framework
18:47:33,595 |-INFO in ch.qos.logback.classic.model.processor.LoggerModelHandler - Setting level of logger [org.springframework.boot.actuate.endpoint.jmx] to WARN
18:47:33,595 |-INFO in ch.qos.logback.classic.jul.LevelChangePropagator@22d9c961 - Propagating WARN level on Logger[org.springframework.boot.actuate.endpoint.jmx] onto the JUL framework
18:47:33,595 |-INFO in ch.qos.logback.core.model.processor.AppenderModelHandler - Processing appender named [CONSOLE]
18:47:33,595 |-INFO in ch.qos.logback.core.model.processor.AppenderModelHandler - About to instantiate appender of type [ch.qos.logback.core.ConsoleAppender]
18:47:33,596 |-INFO in ch.qos.logback.core.model.processor.ImplicitModelHandler - Assuming default type [ch.qos.logback.classic.encoder.PatternLayoutEncoder] for [encoder] property
18:47:33,597 |-INFO in ch.qos.logback.core.model.processor.ModelInterpretationContext@49dbaaf3 - value "UTF-8" substituted for "${CHARSET}"
18:47:33,604 |-INFO in ch.qos.logback.core.ConsoleAppender[CONSOLE] - BEWARE: Writing to the console can be very slow. Avoid logging to the 
18:47:33,604 |-INFO in ch.qos.logback.core.ConsoleAppender[CONSOLE] - console in production environments, especially in high volume systems.
18:47:33,604 |-INFO in ch.qos.logback.core.ConsoleAppender[CONSOLE] - See also https://logback.qos.ch/codes.html#slowConsole
18:47:33,604 |-INFO in ch.qos.logback.core.model.processor.AppenderModelHandler - Processing appender named [TRACE_FILE]
18:47:33,604 |-INFO in ch.qos.logback.core.model.processor.AppenderModelHandler - About to instantiate appender of type [ch.qos.logback.core.rolling.RollingFileAppender]
18:47:33,605 |-INFO in ch.qos.logback.core.model.processor.ModelInterpretationContext@49dbaaf3 - value "./logs/trace_log.log" substituted for "${LOG_DIR}/trace_log.log"
18:47:33,605 |-INFO in ch.qos.logback.core.model.processor.ImplicitModelHandler - Assuming default type [ch.qos.logback.classic.encoder.PatternLayoutEncoder] for [encoder] property
18:47:33,605 |-INFO in ch.qos.logback.core.model.processor.ModelInterpretationContext@49dbaaf3 - value "UTF-8" substituted for "${CHARSET}"
18:47:33,606 |-INFO in ch.qos.logback.core.model.processor.ModelInterpretationContext@49dbaaf3 - value "./logs/trace_log.%d{yyyy-MM-dd}.log" substituted for "${LOG_DIR}/trace_log.%d{yyyy-MM-dd}.log"
18:47:33,606 |-INFO in ch.qos.logback.core.model.processor.ModelInterpretationContext@49dbaaf3 - value "30" substituted for "${LOG_FILE_MAX_HISTORY}"
18:47:33,606 |-INFO in c.q.l.core.rolling.TimeBasedRollingPolicy@1936670366 - setting totalSizeCap to 500 MB
18:47:33,607 |-INFO in c.q.l.core.rolling.TimeBasedRollingPolicy@1936670366 - No compression will be used
18:47:33,607 |-INFO in c.q.l.core.rolling.TimeBasedRollingPolicy@1936670366 - Will use the pattern ./logs/trace_log.%d{yyyy-MM-dd}.log for the active file
18:47:33,616 |-INFO in c.q.l.core.rolling.DefaultTimeBasedFileNamingAndTriggeringPolicy - The date pattern is 'yyyy-MM-dd' from file name pattern './logs/trace_log.%d{yyyy-MM-dd}.log'.
18:47:33,616 |-INFO in c.q.l.core.rolling.DefaultTimeBasedFileNamingAndTriggeringPolicy - Roll-over at midnight.
18:47:33,619 |-INFO in c.q.l.core.rolling.DefaultTimeBasedFileNamingAndTriggeringPolicy - Setting initial period to 2026-08-30T13:17:11.853Z
18:47:33,619 |-INFO in ch.qos.logback.core.model.processor.ModelInterpretationContext@49dbaaf3 - value "./logs/trace_log.%d{yyyy-MM-dd}.%i.log" substituted for "${LOG_DIR}/trace_log.%d{yyyy-MM-dd}.%i.log"
18:47:33,619 |-INFO in ch.qos.logback.core.model.processor.ModelInterpretationContext@49dbaaf3 - value "10MB" substituted for "${LOG_FILE_MAX_SIZE}"
18:47:33,619 |-INFO in ch.qos.logback.core.model.processor.ModelInterpretationContext@49dbaaf3 - value "30" substituted for "${LOG_FILE_MAX_HISTORY}"
18:47:33,619 |-INFO in c.q.l.core.rolling.SizeAndTimeBasedRollingPolicy@199000084 - setting totalSizeCap to 500 MB
18:47:33,620 |-INFO in c.q.l.core.rolling.SizeAndTimeBasedRollingPolicy@199000084 - Archive files will be limited to [10 MB] each.
18:47:33,620 |-INFO in c.q.l.core.rolling.SizeAndTimeBasedRollingPolicy@199000084 - No compression will be used
18:47:33,620 |-INFO in c.q.l.core.rolling.SizeAndTimeBasedRollingPolicy@199000084 - Will use the pattern ./logs/trace_log.%d{yyyy-MM-dd}.%i.log for the active file
18:47:33,620 |-INFO in ch.qos.logback.core.rolling.SizeAndTimeBasedFileNamingAndTriggeringPolicy@1f443fae - The date pattern is 'yyyy-MM-dd' from file name pattern './logs/trace_log.%d{yyyy-MM-dd}.%i.log'.
18:47:33,620 |-INFO in ch.qos.logback.core.rolling.SizeAndTimeBasedFileNamingAndTriggeringPolicy@1f443fae - Roll-over at midnight.
18:47:33,620 |-INFO in ch.qos.logback.core.rolling.SizeAndTimeBasedFileNamingAndTriggeringPolicy@1f443fae - Setting initial period to 2026-08-30T13:17:11.853Z
18:47:33,621 |-WARN in ch.qos.logback.core.rolling.RollingFileAppender[TRACE_FILE] - A rolling policy of type TimeBasedRollingPolicy was already set.
18:47:33,621 |-WARN in ch.qos.logback.core.rolling.RollingFileAppender[TRACE_FILE] - Note that TimeBasedRollingPolicy doubles as a TriggeringPolicy
18:47:33,621 |-WARN in ch.qos.logback.core.rolling.RollingFileAppender[TRACE_FILE] - See also https://logback.qos.ch/codes.html#rfa_reset_rp_or_tp
18:47:33,621 |-INFO in ch.qos.logback.core.rolling.RollingFileAppender[TRACE_FILE] - Active log file name: ./logs/trace_log.log
18:47:33,622 |-INFO in ch.qos.logback.core.rolling.RollingFileAppender[TRACE_FILE] - Setting currentFileLength to 1372904 for ./logs/trace_log.log
18:47:33,622 |-INFO in ch.qos.logback.core.rolling.RollingFileAppender[TRACE_FILE] - File property is set to [./logs/trace_log.log]
18:47:33,622 |-INFO in ch.qos.logback.core.model.processor.AppenderModelHandler - Processing appender named [APPLICATION_FILE]
18:47:33,622 |-INFO in ch.qos.logback.core.model.processor.AppenderModelHandler - About to instantiate appender of type [ch.qos.logback.core.rolling.RollingFileAppender]
18:47:33,622 |-INFO in ch.qos.logback.core.model.processor.ModelInterpretationContext@49dbaaf3 - value "./logs/application.log" substituted for "${LOG_DIR}/application.log"
18:47:33,622 |-INFO in ch.qos.logback.core.model.processor.ImplicitModelHandler - Assuming default type [ch.qos.logback.classic.encoder.PatternLayoutEncoder] for [encoder] property
18:47:33,622 |-INFO in ch.qos.logback.core.model.processor.ModelInterpretationContext@49dbaaf3 - value "UTF-8" substituted for "${CHARSET}"
18:47:33,622 |-INFO in ch.qos.logback.core.model.processor.ModelInterpretationContext@49dbaaf3 - value "./logs/application.%d{yyyy-MM-dd}.%i.log" substituted for "${LOG_DIR}/application.%d{yyyy-MM-dd}.%i.log"
18:47:33,622 |-INFO in ch.qos.logback.core.model.processor.ModelInterpretationContext@49dbaaf3 - value "10MB" substituted for "${LOG_FILE_MAX_SIZE}"
18:47:33,622 |-INFO in ch.qos.logback.core.model.processor.ModelInterpretationContext@49dbaaf3 - value "30" substituted for "${LOG_FILE_MAX_HISTORY}"
18:47:33,622 |-INFO in c.q.l.core.rolling.SizeAndTimeBasedRollingPolicy@1941598182 - setting totalSizeCap to 500 MB
18:47:33,622 |-INFO in c.q.l.core.rolling.SizeAndTimeBasedRollingPolicy@1941598182 - Archive files will be limited to [10 MB] each.
18:47:33,622 |-INFO in c.q.l.core.rolling.SizeAndTimeBasedRollingPolicy@1941598182 - No compression will be used
18:47:33,623 |-INFO in c.q.l.core.rolling.SizeAndTimeBasedRollingPolicy@1941598182 - Will use the pattern ./logs/application.%d{yyyy-MM-dd}.%i.log for the active file
18:47:33,623 |-INFO in ch.qos.logback.core.rolling.SizeAndTimeBasedFileNamingAndTriggeringPolicy@79ab34c1 - The date pattern is 'yyyy-MM-dd' from file name pattern './logs/application.%d{yyyy-MM-dd}.%i.log'.
18:47:33,623 |-INFO in ch.qos.logback.core.rolling.SizeAndTimeBasedFileNamingAndTriggeringPolicy@79ab34c1 - Roll-over at midnight.
18:47:33,623 |-INFO in ch.qos.logback.core.rolling.SizeAndTimeBasedFileNamingAndTriggeringPolicy@79ab34c1 - Setting initial period to 2026-08-30T13:17:11.821Z
18:47:33,623 |-INFO in ch.qos.logback.core.rolling.RollingFileAppender[APPLICATION_FILE] - Active log file name: ./logs/application.log
18:47:33,623 |-INFO in ch.qos.logback.core.rolling.RollingFileAppender[APPLICATION_FILE] - Setting currentFileLength to 21212 for ./logs/application.log
18:47:33,623 |-INFO in ch.qos.logback.core.rolling.RollingFileAppender[APPLICATION_FILE] - File property is set to [./logs/application.log]
18:47:33,623 |-INFO in ch.qos.logback.core.model.processor.AppenderModelHandler - Processing appender named [ERROR_FILE]
18:47:33,623 |-INFO in ch.qos.logback.core.model.processor.AppenderModelHandler - About to instantiate appender of type [ch.qos.logback.core.rolling.RollingFileAppender]
18:47:33,623 |-INFO in ch.qos.logback.core.model.processor.ModelInterpretationContext@49dbaaf3 - value "./logs/error.log" substituted for "${LOG_DIR}/error.log"
18:47:33,624 |-INFO in ch.qos.logback.core.model.processor.ImplicitModelHandler - Assuming default type [ch.qos.logback.classic.encoder.PatternLayoutEncoder] for [encoder] property
18:47:33,624 |-INFO in ch.qos.logback.core.model.processor.ModelInterpretationContext@49dbaaf3 - value "UTF-8" substituted for "${CHARSET}"
18:47:33,624 |-INFO in ch.qos.logback.core.model.processor.ModelInterpretationContext@49dbaaf3 - value "./logs/error.%d{yyyy-MM-dd}.%i.log" substituted for "${LOG_DIR}/error.%d{yyyy-MM-dd}.%i.log"
18:47:33,624 |-INFO in ch.qos.logback.core.model.processor.ModelInterpretationContext@49dbaaf3 - value "10MB" substituted for "${LOG_FILE_MAX_SIZE}"
18:47:33,624 |-INFO in ch.qos.logback.core.model.processor.ModelInterpretationContext@49dbaaf3 - value "30" substituted for "${LOG_FILE_MAX_HISTORY}"
18:47:33,624 |-INFO in c.q.l.core.rolling.SizeAndTimeBasedRollingPolicy@379115456 - setting totalSizeCap to 200 MB
18:47:33,624 |-INFO in c.q.l.core.rolling.SizeAndTimeBasedRollingPolicy@379115456 - Archive files will be limited to [10 MB] each.
18:47:33,624 |-INFO in c.q.l.core.rolling.SizeAndTimeBasedRollingPolicy@379115456 - No compression will be used
18:47:33,624 |-INFO in c.q.l.core.rolling.SizeAndTimeBasedRollingPolicy@379115456 - Will use the pattern ./logs/error.%d{yyyy-MM-dd}.%i.log for the active file
18:47:33,624 |-INFO in ch.qos.logback.core.rolling.SizeAndTimeBasedFileNamingAndTriggeringPolicy@281f23f2 - The date pattern is 'yyyy-MM-dd' from file name pattern './logs/error.%d{yyyy-MM-dd}.%i.log'.
18:47:33,624 |-INFO in ch.qos.logback.core.rolling.SizeAndTimeBasedFileNamingAndTriggeringPolicy@281f23f2 - Roll-over at midnight.
18:47:33,624 |-INFO in ch.qos.logback.core.rolling.SizeAndTimeBasedFileNamingAndTriggeringPolicy@281f23f2 - Setting initial period to 2026-08-30T13:13:02.630Z
18:47:33,625 |-INFO in ch.qos.logback.core.rolling.RollingFileAppender[ERROR_FILE] - Active log file name: ./logs/error.log
18:47:33,625 |-INFO in ch.qos.logback.core.rolling.RollingFileAppender[ERROR_FILE] - Setting currentFileLength to 113447 for ./logs/error.log
18:47:33,625 |-INFO in ch.qos.logback.core.rolling.RollingFileAppender[ERROR_FILE] - File property is set to [./logs/error.log]
18:47:33,625 |-INFO in ch.qos.logback.core.model.processor.AppenderModelHandler - Processing appender named [REQUEST_RESPONSE_FILE]
18:47:33,625 |-INFO in ch.qos.logback.core.model.processor.AppenderModelHandler - About to instantiate appender of type [ch.qos.logback.core.rolling.RollingFileAppender]
18:47:33,625 |-INFO in ch.qos.logback.core.model.processor.ModelInterpretationContext@49dbaaf3 - value "./logs/request_response.log" substituted for "${LOG_DIR}/request_response.log"
18:47:33,625 |-INFO in ch.qos.logback.core.model.processor.ImplicitModelHandler - Assuming default type [ch.qos.logback.classic.encoder.PatternLayoutEncoder] for [encoder] property
18:47:33,625 |-INFO in ch.qos.logback.core.model.processor.ModelInterpretationContext@49dbaaf3 - value "UTF-8" substituted for "${CHARSET}"
18:47:33,625 |-INFO in ch.qos.logback.core.model.processor.ModelInterpretationContext@49dbaaf3 - value "./logs/request_response.%d{yyyy-MM-dd}.%i.log" substituted for "${LOG_DIR}/request_response.%d{yyyy-MM-dd}.%i.log"
18:47:33,625 |-INFO in ch.qos.logback.core.model.processor.ModelInterpretationContext@49dbaaf3 - value "10MB" substituted for "${LOG_FILE_MAX_SIZE}"
18:47:33,625 |-INFO in ch.qos.logback.core.model.processor.ModelInterpretationContext@49dbaaf3 - value "30" substituted for "${LOG_FILE_MAX_HISTORY}"
18:47:33,625 |-INFO in c.q.l.core.rolling.SizeAndTimeBasedRollingPolicy@142261320 - setting totalSizeCap to 300 MB
18:47:33,625 |-INFO in c.q.l.core.rolling.SizeAndTimeBasedRollingPolicy@142261320 - Archive files will be limited to [10 MB] each.
18:47:33,625 |-INFO in c.q.l.core.rolling.SizeAndTimeBasedRollingPolicy@142261320 - No compression will be used
18:47:33,625 |-INFO in c.q.l.core.rolling.SizeAndTimeBasedRollingPolicy@142261320 - Will use the pattern ./logs/request_response.%d{yyyy-MM-dd}.%i.log for the active file
18:47:33,625 |-INFO in ch.qos.logback.core.rolling.SizeAndTimeBasedFileNamingAndTriggeringPolicy@28d79cba - The date pattern is 'yyyy-MM-dd' from file name pattern './logs/request_response.%d{yyyy-MM-dd}.%i.log'.
18:47:33,625 |-INFO in ch.qos.logback.core.rolling.SizeAndTimeBasedFileNamingAndTriggeringPolicy@28d79cba - Roll-over at midnight.
18:47:33,626 |-INFO in ch.qos.logback.core.rolling.SizeAndTimeBasedFileNamingAndTriggeringPolicy@28d79cba - Setting initial period to 2026-03-21T07:22:11Z
18:47:33,626 |-INFO in ch.qos.logback.core.rolling.RollingFileAppender[REQUEST_RESPONSE_FILE] - Active log file name: ./logs/request_response.log
18:47:33,626 |-INFO in ch.qos.logback.core.rolling.RollingFileAppender[REQUEST_RESPONSE_FILE] - Setting currentFileLength to 1651 for ./logs/request_response.log
18:47:33,626 |-INFO in ch.qos.logback.core.rolling.RollingFileAppender[REQUEST_RESPONSE_FILE] - File property is set to [./logs/request_response.log]
18:47:33,626 |-INFO in ch.qos.logback.core.model.processor.AppenderModelHandler - Processing appender named [DATABASE_FILE]
18:47:33,626 |-INFO in ch.qos.logback.core.model.processor.AppenderModelHandler - About to instantiate appender of type [ch.qos.logback.core.rolling.RollingFileAppender]
18:47:33,626 |-INFO in ch.qos.logback.core.model.processor.ModelInterpretationContext@49dbaaf3 - value "./logs/database.log" substituted for "${LOG_DIR}/database.log"
18:47:33,626 |-INFO in ch.qos.logback.core.model.processor.ImplicitModelHandler - Assuming default type [ch.qos.logback.classic.encoder.PatternLayoutEncoder] for [encoder] property
18:47:33,626 |-INFO in ch.qos.logback.core.model.processor.ModelInterpretationContext@49dbaaf3 - value "UTF-8" substituted for "${CHARSET}"
18:47:33,626 |-INFO in ch.qos.logback.core.model.processor.ModelInterpretationContext@49dbaaf3 - value "./logs/database.%d{yyyy-MM-dd}.%i.log" substituted for "${LOG_DIR}/database.%d{yyyy-MM-dd}.%i.log"
18:47:33,626 |-INFO in ch.qos.logback.core.model.processor.ModelInterpretationContext@49dbaaf3 - value "10MB" substituted for "${LOG_FILE_MAX_SIZE}"
18:47:33,626 |-INFO in ch.qos.logback.core.model.processor.ModelInterpretationContext@49dbaaf3 - value "30" substituted for "${LOG_FILE_MAX_HISTORY}"
18:47:33,626 |-INFO in c.q.l.core.rolling.SizeAndTimeBasedRollingPolicy@2015455415 - setting totalSizeCap to 300 MB
18:47:33,626 |-INFO in c.q.l.core.rolling.SizeAndTimeBasedRollingPolicy@2015455415 - Archive files will be limited to [10 MB] each.
18:47:33,626 |-INFO in c.q.l.core.rolling.SizeAndTimeBasedRollingPolicy@2015455415 - No compression will be used
18:47:33,626 |-INFO in c.q.l.core.rolling.SizeAndTimeBasedRollingPolicy@2015455415 - Will use the pattern ./logs/database.%d{yyyy-MM-dd}.%i.log for the active file
18:47:33,626 |-INFO in ch.qos.logback.core.rolling.SizeAndTimeBasedFileNamingAndTriggeringPolicy@29f0c4f2 - The date pattern is 'yyyy-MM-dd' from file name pattern './logs/database.%d{yyyy-MM-dd}.%i.log'.
18:47:33,626 |-INFO in ch.qos.logback.core.rolling.SizeAndTimeBasedFileNamingAndTriggeringPolicy@29f0c4f2 - Roll-over at midnight.
18:47:33,627 |-INFO in ch.qos.logback.core.rolling.SizeAndTimeBasedFileNamingAndTriggeringPolicy@29f0c4f2 - Setting initial period to 2026-03-21T07:22:11Z
18:47:33,627 |-INFO in ch.qos.logback.core.rolling.RollingFileAppender[DATABASE_FILE] - Active log file name: ./logs/database.log
18:47:33,627 |-INFO in ch.qos.logback.core.rolling.RollingFileAppender[DATABASE_FILE] - Setting currentFileLength to 531 for ./logs/database.log
18:47:33,627 |-INFO in ch.qos.logback.core.rolling.RollingFileAppender[DATABASE_FILE] - File property is set to [./logs/database.log]
18:47:33,627 |-INFO in ch.qos.logback.core.model.processor.AppenderModelHandler - Processing appender named [ASYNC_TRACE]
18:47:33,627 |-INFO in ch.qos.logback.core.model.processor.AppenderModelHandler - About to instantiate appender of type [ch.qos.logback.classic.AsyncAppender]
18:47:33,627 |-INFO in ch.qos.logback.core.model.processor.AppenderRefModelHandler - Attaching appender named [TRACE_FILE] to ch.qos.logback.classic.AsyncAppender[ASYNC_TRACE]
18:47:33,627 |-INFO in ch.qos.logback.classic.AsyncAppender[ASYNC_TRACE] - Attaching appender named [TRACE_FILE] to AsyncAppender.
18:47:33,628 |-INFO in ch.qos.logback.classic.AsyncAppender[ASYNC_TRACE] - Setting discardingThreshold to 0
18:47:33,628 |-INFO in ch.qos.logback.core.model.processor.AppenderModelHandler - Processing appender named [ASYNC_APPLICATION]
18:47:33,628 |-INFO in ch.qos.logback.core.model.processor.AppenderModelHandler - About to instantiate appender of type [ch.qos.logback.classic.AsyncAppender]
18:47:33,628 |-INFO in ch.qos.logback.core.model.processor.AppenderRefModelHandler - Attaching appender named [APPLICATION_FILE] to ch.qos.logback.classic.AsyncAppender[ASYNC_APPLICATION]
18:47:33,628 |-INFO in ch.qos.logback.classic.AsyncAppender[ASYNC_APPLICATION] - Attaching appender named [APPLICATION_FILE] to AsyncAppender.
18:47:33,628 |-INFO in ch.qos.logback.classic.AsyncAppender[ASYNC_APPLICATION] - Setting discardingThreshold to 0
18:47:33,628 |-INFO in ch.qos.logback.classic.model.processor.LoggerModelHandler - Setting level of logger [com.example.pi] to DEBUG
18:47:33,628 |-INFO in ch.qos.logback.classic.jul.LevelChangePropagator@22d9c961 - Propagating DEBUG level on Logger[com.example.pi] onto the JUL framework
18:47:33,628 |-INFO in ch.qos.logback.classic.model.processor.LoggerModelHandler - Setting additivity of logger [com.example.pi] to false
18:47:33,628 |-INFO in ch.qos.logback.core.model.processor.AppenderRefModelHandler - Attaching appender named [ASYNC_APPLICATION] to Logger[com.example.pi]
18:47:33,628 |-INFO in ch.qos.logback.core.model.processor.AppenderRefModelHandler - Attaching appender named [ERROR_FILE] to Logger[com.example.pi]
18:47:33,628 |-INFO in ch.qos.logback.core.model.processor.AppenderRefModelHandler - Attaching appender named [CONSOLE] to Logger[com.example.pi]
18:47:33,628 |-INFO in ch.qos.logback.classic.model.processor.LoggerModelHandler - Setting level of logger [com.example.pi.filter.RequestResponseLoggingFilter] to DEBUG
18:47:33,628 |-INFO in ch.qos.logback.classic.jul.LevelChangePropagator@22d9c961 - Propagating DEBUG level on Logger[com.example.pi.filter.RequestResponseLoggingFilter] onto the JUL framework
18:47:33,628 |-INFO in ch.qos.logback.classic.model.processor.LoggerModelHandler - Setting additivity of logger [com.example.pi.filter.RequestResponseLoggingFilter] to false
18:47:33,628 |-INFO in ch.qos.logback.core.model.processor.AppenderRefModelHandler - Attaching appender named [REQUEST_RESPONSE_FILE] to Logger[com.example.pi.filter.RequestResponseLoggingFilter]
18:47:33,628 |-INFO in ch.qos.logback.core.model.processor.AppenderRefModelHandler - Attaching appender named [CONSOLE] to Logger[com.example.pi.filter.RequestResponseLoggingFilter]
18:47:33,628 |-INFO in ch.qos.logback.classic.model.processor.LoggerModelHandler - Setting level of logger [org.hibernate.SQL] to DEBUG
18:47:33,628 |-INFO in ch.qos.logback.classic.jul.LevelChangePropagator@22d9c961 - Propagating DEBUG level on Logger[org.hibernate.SQL] onto the JUL framework
18:47:33,628 |-INFO in ch.qos.logback.classic.model.processor.LoggerModelHandler - Setting additivity of logger [org.hibernate.SQL] to false
18:47:33,628 |-INFO in ch.qos.logback.core.model.processor.AppenderRefModelHandler - Attaching appender named [DATABASE_FILE] to Logger[org.hibernate.SQL]
18:47:33,628 |-INFO in ch.qos.logback.core.model.processor.AppenderRefModelHandler - Attaching appender named [CONSOLE] to Logger[org.hibernate.SQL]
18:47:33,628 |-INFO in ch.qos.logback.classic.model.processor.LoggerModelHandler - Setting level of logger [org.hibernate.type.descriptor.sql.BasicBinder] to TRACE
18:47:33,628 |-INFO in ch.qos.logback.classic.jul.LevelChangePropagator@22d9c961 - Propagating TRACE level on Logger[org.hibernate.type.descriptor.sql.BasicBinder] onto the JUL framework
18:47:33,628 |-INFO in ch.qos.logback.classic.model.processor.LoggerModelHandler - Setting additivity of logger [org.hibernate.type.descriptor.sql.BasicBinder] to false
18:47:33,628 |-INFO in ch.qos.logback.core.model.processor.AppenderRefModelHandler - Attaching appender named [DATABASE_FILE] to Logger[org.hibernate.type.descriptor.sql.BasicBinder]
18:47:33,628 |-INFO in ch.qos.logback.classic.model.processor.LoggerModelHandler - Setting level of logger [org.springframework.web] to INFO
18:47:33,628 |-INFO in ch.qos.logback.classic.jul.LevelChangePropagator@22d9c961 - Propagating INFO level on Logger[org.springframework.web] onto the JUL framework
18:47:33,628 |-INFO in ch.qos.logback.classic.model.processor.LoggerModelHandler - Setting level of logger [org.springframework.security] to INFO
18:47:33,628 |-INFO in ch.qos.logback.classic.jul.LevelChangePropagator@22d9c961 - Propagating INFO level on Logger[org.springframework.security] onto the JUL framework
18:47:33,629 |-INFO in ch.qos.logback.classic.model.processor.LoggerModelHandler - Setting level of logger [org.springframework.boot] to INFO
18:47:33,629 |-INFO in ch.qos.logback.classic.jul.LevelChangePropagator@22d9c961 - Propagating INFO level on Logger[org.springframework.boot] onto the JUL framework
18:47:33,629 |-INFO in ch.qos.logback.classic.model.processor.LoggerModelHandler - Setting level of logger [org.hibernate] to INFO
18:47:33,629 |-INFO in ch.qos.logback.classic.jul.LevelChangePropagator@22d9c961 - Propagating INFO level on Logger[org.hibernate] onto the JUL framework
18:47:33,629 |-INFO in ch.qos.logback.classic.model.processor.RootLoggerModelHandler - Setting level of ROOT logger to INFO
18:47:33,629 |-INFO in ch.qos.logback.classic.jul.LevelChangePropagator@22d9c961 - Propagating INFO level on Logger[ROOT] onto the JUL framework
18:47:33,629 |-INFO in ch.qos.logback.core.model.processor.AppenderRefModelHandler - Attaching appender named [CONSOLE] to Logger[ROOT]
18:47:33,629 |-INFO in ch.qos.logback.core.model.processor.AppenderRefModelHandler - Attaching appender named [ASYNC_TRACE] to Logger[ROOT]
18:47:33,629 |-INFO in ch.qos.logback.core.model.processor.AppenderRefModelHandler - Attaching appender named [ERROR_FILE] to Logger[ROOT]
18:47:33,629 |-INFO in ch.qos.logback.core.model.processor.DefaultProcessor@7435a578 - End of configuration.
18:47:33,629 |-INFO in org.springframework.boot.logging.logback.SpringBootJoranConfigurator@6093d508 - Registering current configuration as safe fallback point

  ____  _       _ _        _   ____              _    _              __     __  ____    ___  
 |  _ \(_) __ _(_) |_ __ _| | | __ )  __ _ _ __ | | _(_)_ __   __ _  \ \   / / |___ \  / _ \ 
 | | | | |/ _` | | __/ _` | | |  _ \ / _` | '_ \| |/ / | '_ \ / _` |  \ \ / /    __) || | | |
 | |_| | | (_| | | || (_| | | | |_) | (_| | | | |   <| | | | | (_| |   \ V /    / __/ | |_| |
 |____/|_|\__, |_|\__\__,_|_| |____/ \__,_|_| |_|_|\_\_|_| |_|\__, |    \_/    |_____(_)___/ 
          |___/                                               |___/                          

2026-08-30 18:47:33.662 [main] [] INFO  c.e.p.r.BankAccountRepositoryTest - Starting BankAccountRepositoryTest using Java 17.0.15 with PID 74444 (started by surajchakraborty in /Users/surajchakraborty/git/DigitalBanking-release-java)
2026-08-30 18:47:33.662 [main] [] DEBUG c.e.p.r.BankAccountRepositoryTest - Running with Spring Boot v3.4.4, Spring v6.2.5
2026-08-30 18:47:33.662 [main] [] INFO  c.e.p.r.BankAccountRepositoryTest - The following 1 profile is active: "test"
2026-08-30 18:47:33.815 [main] [] INFO  o.s.d.r.c.RepositoryConfigurationDelegate - Bootstrapping Spring Data JPA repositories in DEFAULT mode.
2026-08-30 18:47:33.845 [main] [] INFO  o.s.d.r.c.RepositoryConfigurationDelegate - Finished Spring Data repository scanning in 25 ms. Found 6 JPA repository interfaces.
2026-08-30 18:47:33.864 [main] [] INFO  o.s.b.t.a.j.TestDatabaseAutoConfiguration$EmbeddedDataSourceBeanFactoryPostProcessor - Replacing 'dataSource' DataSource bean with embedded version
2026-08-30 18:47:33.903 [main] [] INFO  o.s.j.d.e.EmbeddedDatabaseFactory - Starting embedded database: url='jdbc:h2:mem:17b5a1e4-ed7b-4c51-a257-2f44522cd7bc;DB_CLOSE_DELAY=-1;DB_CLOSE_ON_EXIT=false', username='sa'
2026-08-30 18:47:33.998 [main] [] INFO  o.h.jpa.internal.util.LogHelper - HHH000204: Processing PersistenceUnitInfo [name: default]
2026-08-30 18:47:34.022 [main] [] INFO  org.hibernate.Version - HHH000412: Hibernate ORM core version 6.6.11.Final
2026-08-30 18:47:34.038 [main] [] INFO  o.h.c.i.RegionFactoryInitiator - HHH000026: Second-level cache disabled
2026-08-30 18:47:34.129 [main] [] INFO  o.s.o.j.p.SpringPersistenceUnitInfo - No LoadTimeWeaver setup: ignoring JPA class transformer
2026-08-30 18:47:34.147 [main] [] WARN  org.hibernate.orm.deprecation - HHH90000025: H2Dialect does not need to be specified explicitly using 'hibernate.dialect' (remove the property setting and it will be selected by default)
2026-08-30 18:47:34.154 [main] [] INFO  o.hibernate.orm.connections.pooling - HHH10001005: Database info:
	Database JDBC URL [Connecting through datasource 'org.springframework.jdbc.datasource.embedded.EmbeddedDatabaseFactory$EmbeddedDataSourceProxy@149d7cc6']
	Database driver: undefined/unknown
	Database version: 2.3.232
	Autocommit mode: undefined/unknown
	Isolation level: undefined/unknown
	Minimum pool size: undefined/unknown
	Maximum pool size: undefined/unknown
Hibernate: create global temporary table HTE_users(active boolean, customer_id integer, failed_login_attempts integer, id integer, rn_ integer not null, locked_until timestamp(6) with time zone, password varchar(255), roles varchar(255), user_name varchar(255), primary key (rn_)) TRANSACTIONAL
2026-08-30 18:47:34.478 [main] [] INFO  o.h.e.t.j.p.i.JtaPlatformInitiator - HHH000489: No JTA platform available (set 'hibernate.transaction.jta.platform' to enable JTA platform integration)
Hibernate: drop table if exists bank_accounts cascade 
Hibernate: drop table if exists customers cascade 
Hibernate: drop table if exists idempotency_keys cascade 
Hibernate: drop table if exists refresh_tokens cascade 
Hibernate: drop table if exists transactions cascade 
Hibernate: drop table if exists users cascade 
Hibernate: drop sequence if exists users_seq
Hibernate: create sequence users_seq start with 1 increment by 50
Hibernate: create table bank_accounts (balance numeric(19,4) not null, currency varchar(3) not null, customer_id integer not null, initial_deposit numeric(19,4) not null, account_id bigint generated by default as identity, version bigint, account_number varchar(20) not null unique, status enum ('ACTIVE','BLOCKED','CLOSED','DORMANT','FROZEN') not null, primary key (account_id))
Hibernate: create table customers (customer_id integer generated by default as identity, date_of_birth date, is_deleted boolean not null, user_id integer, deleted_at timestamp(6) with time zone, sex varchar(10), mobile_number varchar(15), account_number varchar(20), identity_type varchar(30), identity_number varchar(50), customer_name varchar(100) not null, email varchar(150), address varchar(300), account_status enum ('ACTIVE','BLOCKED','CLOSED','DORMANT','FROZEN'), primary key (customer_id), constraint uk_customers_email unique (email), constraint uk_customers_identity_number unique (identity_number))
Hibernate: create table idempotency_keys (customer_id integer, response_status integer, created_at timestamp(6) with time zone not null, id bigint generated by default as identity, transaction_id varchar(50), idempotency_key varchar(64) not null unique, response_body TEXT, primary key (id))
Hibernate: create table refresh_tokens (user_id integer not null unique, created_at timestamp(6) with time zone not null, expires_at timestamp(6) with time zone not null, id bigint generated by default as identity, token varchar(128) not null unique, primary key (id))
Hibernate: create table transactions (available_balance numeric(19,4) not null, customer_id integer not null, initial_deposit numeric(19,4) not null, serial_number integer generated by default as identity, transaction_amount numeric(19,4) not null, transaction_date timestamp(6) with time zone not null, version bigint, transaction_id varchar(50) not null unique, idempotency_key varchar(64) unique, transaction_to varchar(100), transaction_mode enum ('CASH','CHEQUE','IMPS','NEFT','ONLINE','RTGS','UPI'), transaction_status enum ('CANCELLED','FAILED','INITIATED','PROCESSING','REVERSED','SUCCESS') not null, transaction_type enum ('CREDIT','DEBIT') not null, primary key (serial_number))
Hibernate: create table users (active boolean not null, customer_id integer, failed_login_attempts integer not null, id integer not null, locked_until timestamp(6) with time zone, password varchar(255) not null, roles varchar(255) not null, user_name varchar(255) not null unique, primary key (id))
Hibernate: create index idx_refresh_tokens_token on refresh_tokens (token)
Hibernate: create index idx_transactions_customer_date on transactions (customer_id, transaction_date desc)
2026-08-30 18:47:34.495 [main] [] INFO  o.s.o.j.LocalContainerEntityManagerFactoryBean - Initialized JPA EntityManagerFactory for persistence unit 'default'
2026-08-30 18:47:34.607 [main] [] INFO  o.s.d.j.r.query.QueryEnhancerFactory - Hibernate is in classpath; If applicable, HQL parser will be used.
2026-08-30 18:47:34.872 [main] [] INFO  c.e.p.r.BankAccountRepositoryTest - Started BankAccountRepositoryTest in 1.419 seconds (process running for 1.793)
Hibernate: insert into bank_accounts (account_number,balance,currency,customer_id,initial_deposit,status,version,account_id) values (?,?,?,?,?,?,?,default)
Hibernate: select ba1_0.account_id,ba1_0.account_number,ba1_0.balance,ba1_0.currency,ba1_0.customer_id,ba1_0.initial_deposit,ba1_0.status,ba1_0.version from bank_accounts ba1_0 where ba1_0.account_number=? and ba1_0.customer_id=?
]]></system-out>
  </testcase>
  <testcase name="findByCustomerIdForUpdate_returnsAccount" classname="com.example.pi.repository.BankAccountRepositoryTest" time="0.008">
    <system-out><![CDATA[Hibernate: insert into bank_accounts (account_number,balance,currency,customer_id,initial_deposit,status,version,account_id) values (?,?,?,?,?,?,?,default)
Hibernate: select ba1_0.account_id,ba1_0.account_number,ba1_0.balance,ba1_0.currency,ba1_0.customer_id,ba1_0.initial_deposit,ba1_0.status,ba1_0.version from bank_accounts ba1_0 where ba1_0.customer_id=? for update
]]></system-out>
  </testcase>
  <testcase name="defaultStatus_isActive" classname="com.example.pi.repository.BankAccountRepositoryTest" time="0.005">
    <system-out><![CDATA[Hibernate: insert into bank_accounts (account_number,balance,currency,customer_id,initial_deposit,status,version,account_id) values (?,?,?,?,?,?,?,default)
Hibernate: select ba1_0.account_id,ba1_0.account_number,ba1_0.balance,ba1_0.currency,ba1_0.customer_id,ba1_0.initial_deposit,ba1_0.status,ba1_0.version from bank_accounts ba1_0 where ba1_0.account_number=?
]]></system-out>
  </testcase>
  <testcase name="findByCustomerId_returnsAccount" classname="com.example.pi.repository.BankAccountRepositoryTest" time="0.006">
    <system-out><![CDATA[Hibernate: insert into bank_accounts (account_number,balance,currency,customer_id,initial_deposit,status,version,account_id) values (?,?,?,?,?,?,?,default)
Hibernate: select ba1_0.account_id,ba1_0.account_number,ba1_0.balance,ba1_0.currency,ba1_0.customer_id,ba1_0.initial_deposit,ba1_0.status,ba1_0.version from bank_accounts ba1_0 where ba1_0.customer_id=?
]]></system-out>
  </testcase>
  <testcase name="findByAccountNumberAndCustomerId_returnsEmpty_whenMismatch" classname="com.example.pi.repository.BankAccountRepositoryTest" time="0.004">
    <system-out><![CDATA[Hibernate: insert into bank_accounts (account_number,balance,currency,customer_id,initial_deposit,status,version,account_id) values (?,?,?,?,?,?,?,default)
Hibernate: select ba1_0.account_id,ba1_0.account_number,ba1_0.balance,ba1_0.currency,ba1_0.customer_id,ba1_0.initial_deposit,ba1_0.status,ba1_0.version from bank_accounts ba1_0 where ba1_0.account_number=? and ba1_0.customer_id=?
]]></system-out>
  </testcase>
  <testcase name="balanceUpdate_persistsCorrectly" classname="com.example.pi.repository.BankAccountRepositoryTest" time="0.008">
    <system-out><![CDATA[Hibernate: insert into bank_accounts (account_number,balance,currency,customer_id,initial_deposit,status,version,account_id) values (?,?,?,?,?,?,?,default)
Hibernate: update bank_accounts set account_number=?,balance=?,currency=?,customer_id=?,initial_deposit=?,status=?,version=? where account_id=? and version=?
Hibernate: select ba1_0.account_id,ba1_0.account_number,ba1_0.balance,ba1_0.currency,ba1_0.customer_id,ba1_0.initial_deposit,ba1_0.status,ba1_0.version from bank_accounts ba1_0 where ba1_0.account_number=?
]]></system-out>
  </testcase>
  <testcase name="save_and_findByAccountNumber" classname="com.example.pi.repository.BankAccountRepositoryTest" time="0.004">
    <system-out><![CDATA[Hibernate: insert into bank_accounts (account_number,balance,currency,customer_id,initial_deposit,status,version,account_id) values (?,?,?,?,?,?,?,default)
Hibernate: select ba1_0.account_id,ba1_0.account_number,ba1_0.balance,ba1_0.currency,ba1_0.customer_id,ba1_0.initial_deposit,ba1_0.status,ba1_0.version from bank_accounts ba1_0 where ba1_0.account_number=?
]]></system-out>
  </testcase>
</testsuite>