<?xml version="1.0" encoding="UTF-8"?>
<testsuite xmlns:xsi="http://www.w3.org/2001/XMLSchema-instance" xsi:noNamespaceSchemaLocation="https://maven.apache.org/surefire/maven-surefire-plugin/xsd/surefire-test-report.xsd" version="3.0.2" name="com.example.pi.PiApplicationTests" time="1.511" tests="1" errors="0" skipped="0" failures="0">
  <properties>
[...]
</properties>
  <testcase name="contextLoads" classname="com.example.pi.PiApplicationTests" time="0.003">
    <system-out><![CDATA[2026-08-30 18:47:35.379 [main] [] INFO  o.s.t.c.s.AnnotationConfigContextLoaderUtils - Could not detect default configuration classes for test class [com.example.pi.PiApplicationTests]: PiApplicationTests does not declare any static, non-private, non-final, nested classes annotated with @Configuration.
2026-08-30 18:47:35.382 [main] [] INFO  o.s.b.t.c.SpringBootTestContextBootstrapper - Found @SpringBootConfiguration com.example.pi.PiApplication for test class com.example.pi.PiApplicationTests
2026-08-30 18:47:35.387 [main] [] INFO  o.s.b.d.r.RestartApplicationListener - Restart disabled due to context in which it is running
  ____  _       _ _        _   ____              _    _              __     __  ____    ___  
 |  _ \(_) __ _(_) |_ __ _| | | __ )  __ _ _ __ | | _(_)_ __   __ _  \ \   / / |___ \  / _ \ 
 | | | | |/ _` | | __/ _` | | |  _ \ / _` | '_ \| |/ / | '_ \ / _` |  \ \ / /    __) || | | |
 | |_| | | (_| | | || (_| | | | |_) | (_| | | | |   <| | | | | (_| |   \ V /    / __/ | |_| |
 |____/|_|\__, |_|\__\__,_|_| |____/ \__,_|_| |_|_|\_\_|_| |_|\__, |    \_/    |_____(_)___/ 
          |___/                                               |___/                          

2026-08-30 18:47:35.399 [main] [] INFO  com.example.pi.PiApplicationTests - Starting PiApplicationTests using Java 17.0.15 with PID 74444 (started by surajchakraborty in /Users/surajchakraborty/git/DigitalBanking-release-java)
2026-08-30 18:47:35.399 [main] [] INFO  com.example.pi.PiApplicationTests - The following 1 profile is active: "test"
2026-08-30 18:47:35.621 [main] [] INFO  o.s.d.r.c.RepositoryConfigurationDelegate - Bootstrapping Spring Data JPA repositories in DEFAULT mode.
2026-08-30 18:47:35.629 [main] [] INFO  o.s.d.r.c.RepositoryConfigurationDelegate - Finished Spring Data repository scanning in 7 ms. Found 6 JPA repository interfaces.
2026-08-30 18:47:35.861 [main] [] INFO  o.h.jpa.internal.util.LogHelper - HHH000204: Processing PersistenceUnitInfo [name: default]
2026-08-30 18:47:35.862 [main] [] INFO  o.h.c.i.RegionFactoryInitiator - HHH000026: Second-level cache disabled
2026-08-30 18:47:35.865 [main] [] INFO  o.s.o.j.p.SpringPersistenceUnitInfo - No LoadTimeWeaver setup: ignoring JPA class transformer
2026-08-30 18:47:35.866 [main] [] INFO  com.zaxxer.hikari.HikariDataSource - DigitalBankingPool - Starting...
2026-08-30 18:47:35.872 [main] [] INFO  com.zaxxer.hikari.pool.HikariPool - DigitalBankingPool - Added connection conn16: url=jdbc:h2:mem:testdb user=SA
2026-08-30 18:47:35.873 [main] [] INFO  com.zaxxer.hikari.HikariDataSource - DigitalBankingPool - Start completed.
2026-08-30 18:47:35.880 [main] [] WARN  org.hibernate.dialect.Dialect - HHH000511: The 2.3.232 version for [org.hibernate.dialect.MySQLDialect] is no longer supported, hence certain features may not work properly. The minimum supported version is 8.0.0. Check the community dialects project for available legacy versions.
2026-08-30 18:47:35.881 [main] [] WARN  org.hibernate.orm.deprecation - HHH90000025: MySQLDialect does not need to be specified explicitly using 'hibernate.dialect' (remove the property setting and it will be selected by default)
2026-08-30 18:47:35.882 [main] [] INFO  o.hibernate.orm.connections.pooling - HHH10001005: Database info:
	Database JDBC URL [Connecting through datasource 'HikariDataSource (DigitalBankingPool)']
	Database driver: undefined/unknown
	Database version: 2.3.232
	Autocommit mode: undefined/unknown
	Isolation level: undefined/unknown
	Minimum pool size: undefined/unknown
	Maximum pool size: undefined/unknown
2026-08-30 18:47:35.943 [main] [] INFO  o.h.e.t.j.p.i.JtaPlatformInitiator - HHH000489: No JTA platform available (set 'hibernate.transaction.jta.platform' to enable JTA platform integration)
2026-08-30 18:47:35.948 [main] [] INFO  o.s.o.j.LocalContainerEntityManagerFactoryBean - Initialized JPA EntityManagerFactory for persistence unit 'default'
2026-08-30 18:47:36.116 [main] [] INFO  o.s.s.c.a.a.c.InitializeUserDetailsBeanManagerConfigurer$InitializeUserDetailsManagerConfigurer - Global AuthenticationManager configured with UserDetailsService bean with name myUserDetailsService
2026-08-30 18:47:36.521 [main] [] INFO  o.s.b.a.e.web.EndpointLinksResolver - Exposing 3 endpoints beneath base path '/actuator'
2026-08-30 18:47:36.864 [main] [] INFO  com.example.pi.PiApplicationTests - Started PiApplicationTests in 1.478 seconds (process running for 3.785)
]]></system-out>
  </testcase>
</testsuite>